<?xml version="1.0" encoding="UTF-8"?>
<testsuite xmlns:xsi="http://www.w3.org/2001/XMLSchema-instance" xsi:noNamespaceSchemaLocation="https://maven.apache.org/surefire/maven-surefire-plugin/xsd/surefire-test-report.xsd" name="edu.eci.cvds.tdd.registry.RegistryTest" time="0" tests="6" errors="0" skipped="0" failures="0">
  <properties>
[...]
</properties>
  <testcase name="validarEdad_Invalida" classname="edu.eci.cvds.tdd.registry.RegistryTest" time="0"/>
  <testcase name="validar_Menor_Edad" classname="edu.eci.cvds.tdd.registry.RegistryTest" time="0"/>
  <testcase name="validar_Muerto" classname="edu.eci.cvds.tdd.registry.RegistryTest" time="0"/>
  <testcase name="validar_Duplicado" classname="edu.eci.cvds.tdd.registry.RegistryTest" time="0"/>
  <testcase name="validar" classname="edu.eci.cvds.tdd.registry.RegistryTest" time="0"/>
  <testcase name="validateRegistryResult" classname="edu.eci.cvds.tdd.registry.RegistryTest" time="0"/>
</testsuite>